<?xml version="1.0" encoding="UTF-8"?>
<!-- Generated by org.testng.reporters.JUnitReportReporter -->
<testsuite hostname="LAPTOP-PVOMVT89" failures="0" tests="1" name="rahulshettyacademy.Assignment" time="6.122" errors="0" timestamp="2023-04-04T13:29:15 IST" skipped="0">
  <testcase classname="rahulshettyacademy.Assignment" name="endToEndTest" time="6.122"/>
  <system-out/>
</testsuite> <!-- rahulshettyacademy.Assignment -->
