<?xml version="1.0" encoding="UTF-8"?>
<!-- Generated by org.testng.reporters.JUnitReportReporter -->
<testsuite hostname="LAPTOP-PVOMVT89" failures="0" tests="1" name="rahulshettyacademy.MiscellenaousAppiumActions" time="6.606" errors="0" timestamp="2023-04-04T17:25:21 IST" skipped="0">
  <testcase classname="rahulshettyacademy.MiscellenaousAppiumActions" name="demoOnAppPackage" time="6.606"/>
  <system-out/>
</testsuite> <!-- rahulshettyacademy.MiscellenaousAppiumActions -->
