<?xml version="1.0" encoding="UTF-8"?>
<!-- Generated by org.testng.reporters.JUnitReportReporter -->
<testsuite hostname="DESKTOP-71I33JI" failures="0" tests="1" name="rahulshettyacademy.EcommerceTestcases" time="0.008" errors="0" timestamp="2023-05-22T10:46:51 AST" skipped="0">
  <testcase classname="rahulshettyacademy.EcommerceTestcases" name="travelAppTest" time="0.008"/>
  <system-out/>
</testsuite> <!-- rahulshettyacademy.EcommerceTestcases -->
