<?xml version="1.0" encoding="UTF-8"?>
<!-- Generated by org.testng.reporters.JUnitReportReporter -->
<testsuite hostname="DESKTOP-71I33JI" failures="0" tests="1" name="com.org.saib.travelapp.uitests.TravelAppLoginScreenUITests" time="39.698" errors="0" timestamp="2023-06-13T09:37:02 AST" skipped="0">
  <testcase classname="com.org.saib.travelapp.uitests.TravelAppLoginScreenUITests" name="loginTest" time="39.698"/>
  <system-out/>
</testsuite> <!-- com.org.saib.travelapp.uitests.TravelAppLoginScreenUITests -->
