<?xml version="1.0" encoding="UTF-8"?>
<!-- Generated by org.testng.reporters.JUnitReportReporter -->
<testsuite hostname="LAPTOP-PVOMVT89" failures="0" tests="1" name="rahulshettyacademy.AppiumBasics" time="6.562" errors="0" timestamp="04 Apr 2023 07:20:56 GMT" skipped="0">
  <testcase classname="rahulshettyacademy.AppiumBasics" name="dragDropTest" time="6.562"/>
</testsuite> <!-- rahulshettyacademy.AppiumBasics -->
